0000000000000000 b _TLS_MODULE_BASE_
0000000000000000 a __start__
0000000000000000 T _start
0000000000000000 0000000000000004 b fsdev_last_result
0000000000000008 0000000000000401 B __nx_dev_path_buf
00000000000000e0 T __nx_exit
00000000000000f0 T __nx_mod0
0000000000000130 0000000000000034 T exit
0000000000000170 00000000000001ec T main
0000000000000360 t __do_global_dtors_aux
00000000000003b0 t frame_dummy
00000000000003e0 0000000000000050 T Rename(char const*, char const*)
000000000000040c 0000000000000004 b g_fsPriority
0000000000000430 0000000000000024 t _appletInfiniteSleepLoop
0000000000000460 0000000000000108 t _appletCmdGetSession
0000000000000570 00000000000000cc t _appletCmdInU8NoOut
0000000000000640 0000000000000104 t _appletGetLaunchReason
0000000000000750 00000000000000e4 t _appletSetFocusHandlingMode
0000000000000840 00000000000000cc t _appletCmdInU32NoOut
0000000000000910 0000000000000138 t _appletGetSessionProxy.constprop.0
0000000000000a50 0000000000000154 t _appletOpenLibraryAppletProxy.constprop.0
0000000000000bb0 00000000000000d0 t _appletCmdGetHandle.constprop.0.isra.0
0000000000000c80 00000000000000d4 t _appletCmdNoInOutU8.isra.0
0000000000000d60 00000000000000d4 t _appletCmdNoInOutU32.isra.0
0000000000000e40 00000000000000d4 t _appletCmdNoInOutU64.isra.0
0000000000000f20 00000000000000c0 t _appletCmdNoIO.isra.0
0000000000000fe0 0000000000000010 T appletGetAppletType
0000000000000ff0 0000000000000114 T appletSetFocusHandlingMode
0000000000001110 000000000000005c T appletSetCpuBoostMode
0000000000001170 000000000000002c T appletCreateManagedDisplayLayer
00000000000011a0 000000000000000c T appletGetAppletResourceUserId
00000000000011b0 00000000000000f4 t _appletGetIndirectLayerConsumerHandle
00000000000012b0 0000000000000088 t _appletHolderCreateState
0000000000001340 00000000000000ac T appletHolderClose
00000000000013f0 0000000000000024 T appletHolderGetLibraryAppletInfo
0000000000001420 0000000000000090 T appletNotifyRunning
00000000000014b0 000000000000008c T appletSetGamePlayRecordingState
0000000000001540 0000000000000ad4 t _appletCleanup
0000000000002020 0000000000000044 T appletExit
0000000000002070 0000000000000040 T appletGetLibraryAppletInfo
00000000000020b0 0000000000000a94 T appletInitialize
0000000000002b50 0000000000000024 t _appletExitProcess
0000000000002b80 0000000000000074 T appletGetMessage
0000000000002c00 000000000000028c T appletProcessMessage
0000000000002e90 0000000000000034 T appletMainLoop
0000000000002ed0 00000000000000d0 t _smCmifCmdInPid
0000000000002fa0 0000000000000068 t _smCleanup
0000000000003010 0000000000000048 T smAddOverrideHandle
0000000000003060 0000000000000054 T smGetServiceOverride
00000000000030c0 00000000000001c0 T smInitialize
0000000000003280 0000000000000044 T smExit
00000000000032d0 00000000000000d0 T smGetServiceOriginal
00000000000033a0 0000000000000120 T smGetServiceWrapper
00000000000034c0 000000000000001c W diagAbortWithResult
00000000000034e0 0000000000000208 T envSetup
00000000000036f0 0000000000000020 T envGetMainThreadHandle
0000000000003710 000000000000000c T envIsNso
0000000000003720 0000000000000014 T envHasHeapOverride
0000000000003740 000000000000000c T envGetHeapOverrideAddr
0000000000003750 000000000000000c T envGetHeapOverrideSize
0000000000003760 0000000000000014 T envHasArgv
0000000000003780 000000000000000c T envGetArgv
0000000000003790 000000000000000c T envGetExitFuncPtr
00000000000037a0 000000000000000c T envSetExitFuncPtr
00000000000037b0 000000000000000c T envHasRandomSeed
00000000000037c0 0000000000000010 T envGetRandomSeed
00000000000037d0 0000000000000014 T hosversionGet
00000000000037f0 0000000000000010 T hosversionSet
0000000000003800 000000000000005c t _padUpdateWithCommonState
0000000000003860 000000000000009c T padConfigureInput
0000000000003900 0000000000000024 T padInitializeWithMask
0000000000003930 0000000000000240 T padUpdate
0000000000003b70 0000000000000048 t consoleDrawChar
0000000000003bc0 000000000000020c t parseColor
0000000000003dd0 00000000000000b0 t consoleNewRow
0000000000003e80 0000000000000c98 t con_write
0000000000004b20 0000000000000154 T consoleInit
0000000000004c80 0000000000000048 T consoleExit
0000000000004cd0 000000000000002c T consoleUpdate
0000000000004d00 00000000000001c8 t ConsoleSwRenderer_drawChar
0000000000004ed0 00000000000000f8 t ConsoleSwRenderer_init
0000000000004fd0 0000000000000070 t ConsoleSwRenderer_flushAndSwap
0000000000005040 00000000000000d0 t ConsoleSwRenderer_scrollWindow
0000000000005110 000000000000004c t ConsoleSwRenderer_deinit
0000000000005160 000000000000000c W getDefaultConsoleRenderer
000000000000516c T svcSetHeapSize
0000000000005180 T svcSetMemoryPermission
0000000000005188 T svcSetMemoryAttribute
0000000000005190 T svcUnmapMemory
0000000000005198 T svcQueryMemory
00000000000051ac T svcExitProcess
00000000000051b4 T svcSleepThread
00000000000051bc T svcMapSharedMemory
00000000000051c4 T svcUnmapSharedMemory
00000000000051cc T svcCreateTransferMemory
00000000000051e0 T svcCloseHandle
00000000000051e8 T svcResetSignal
00000000000051f0 T svcWaitSynchronization
0000000000005204 T svcArbitrateLock
000000000000520c T svcArbitrateUnlock
0000000000005214 T svcWaitProcessWideKeyAtomic
000000000000521c T svcSignalProcessWideKey
0000000000005224 T svcConnectToNamedPort
0000000000005238 T svcSendSyncRequest
0000000000005240 T svcBreak
0000000000005248 T svcReturnFromException
0000000000005250 T svcGetInfo
0000000000005264 T svcUnmapTransferMemory
0000000000005270 000000000000000c T eventLoadRemote
0000000000005280 0000000000000038 T eventWait
00000000000052c0 0000000000000050 T eventClose
0000000000005310 0000000000000080 T mutexLock
0000000000005390 0000000000000068 T mutexUnlock
0000000000005400 000000000000001c T mutexIsLockedByCurrentThread
0000000000005420 000000000000004c T rmutexLock
0000000000005470 000000000000001c T rmutexUnlock
0000000000005490 00000000000000a8 T tmemCreate
0000000000005540 0000000000000034 T tmemUnmap
0000000000005580 0000000000000038 T tmemCloseHandle
00000000000055c0 00000000000000f0 T tmemWaitForPermission
00000000000056b0 0000000000000054 T tmemClose
0000000000005710 0000000000000064 t _memregionInitWithInfo
0000000000005780 0000000000000004 W __libnx_virtmem_rng
0000000000005790 000000000000016c t _memregionFindRandom
0000000000005900 0000000000000120 T virtmemSetup
0000000000005a20 000000000000000c T virtmemLock
0000000000005a30 000000000000000c T virtmemUnlock
0000000000005a40 0000000000000050 T virtmemFindAslr
0000000000005a90 0000000000000524 T waitObjects
0000000000005fc0 00000000000000c0 t _apmCleanup
0000000000006080 00000000000000fc t _apmCmdGetSession.constprop.0
0000000000006180 00000000000000a0 T apmInitialize
0000000000006220 0000000000000044 T apmExit
0000000000006270 00000000000000c8 T apmSetPerformanceConfiguration
0000000000006340 0000000000000108 t _hidCleanup
0000000000006450 00000000000000d8 t _hidCmdInAruidNoOut
0000000000006530 00000000000000e4 t _hidCmdInU32AruidNoOut
0000000000006620 00000000000001a8 t _hidGetStates
00000000000067d0 0000000000000114 t _hidCreateAppletResource.constprop.0
00000000000068f0 00000000000000c8 t _hidCmdGetHandle.constprop.0
00000000000069c0 00000000000000dc T hidInitialize
0000000000006aa0 0000000000000044 T hidExit
0000000000006af0 000000000000000c T hidGetSharedmemAddr
0000000000006b00 0000000000000094 T hidGetNpadStyleSet
0000000000006ba0 000000000000006c T hidInitializeNpad
0000000000006c10 00000000000000ac T hidGetNpadStatesFullKey
0000000000006cc0 00000000000000ac T hidGetNpadStatesHandheld
0000000000006d70 00000000000000ac T hidGetNpadStatesJoyDual
0000000000006e20 00000000000000ac T hidGetNpadStatesJoyLeft
0000000000006ed0 00000000000000ac T hidGetNpadStatesJoyRight
0000000000006f80 0000000000000164 T hidGetNpadStatesGc
00000000000070f0 00000000000000b0 T hidGetNpadStatesSystemExt
00000000000071a0 0000000000000008 T hidSetSupportedNpadStyleSet
00000000000071b0 0000000000000100 T hidSetSupportedNpadIdType
00000000000072b0 000000000000000c T nwindowGetDefault
00000000000072c0 00000000000000b0 T __nx_win_init
0000000000007370 0000000000000034 T __nx_win_exit
00000000000073b0 000000000000008c T framebufferMakeLinear
0000000000007440 0000000000000080 T framebufferClose
00000000000074c0 00000000000002b0 T framebufferCreate
0000000000007770 0000000000000088 T framebufferBegin
0000000000007800 000000000000018c T framebufferEnd
0000000000007990 0000000000000024 T nwindowIsValid
00000000000079c0 000000000000007c T nwindowClose
0000000000007a40 00000000000000f4 T nwindowCreate
0000000000007b40 0000000000000034 T nwindowCreateFromLayer
0000000000007b80 0000000000000084 T nwindowSetDimensions
0000000000007c10 000000000000018c T nwindowConfigureBuffer
0000000000007da0 00000000000001e0 T nwindowDequeueBuffer
0000000000007f80 000000000000013c T nwindowQueueBuffer
00000000000080c0 0000000000000094 T nwindowReleaseBuffers
0000000000008160 0000000000000004 W __libnx_alloc
0000000000008170 0000000000000014 W __libnx_aligned_alloc
0000000000008190 0000000000000004 W __libnx_free
00000000000081a0 00000000000002f8 W argvSetup
00000000000084a0 0000000000000154 T __nx_dynamic
0000000000008600 00000000000000d4 W __libnx_initheap
00000000000086e0 00000000000000ec W __appInit
00000000000087d0 0000000000000044 W __appExit
0000000000008820 000000000000002c W __libnx_init
0000000000008850 000000000000001c W __libnx_exit
0000000000008870 000000000000001c T __syscall_exit
0000000000008890 0000000000000034 T __syscall_getreent
00000000000088d0 0000000000000004 T __syscall_lock_acquire
00000000000088e0 0000000000000004 T __syscall_lock_release
00000000000088f0 0000000000000004 T __syscall_lock_acquire_recursive
0000000000008900 0000000000000004 T __syscall_lock_release_recursive
0000000000008910 0000000000000238 T __libnx_init_time
0000000000008b50 000000000000009c T newlibSetup
0000000000008bf0 00000000000000c4 T nxlinkSetup
0000000000008cc0 0000000000000014 t fsdev_link
0000000000008ce0 0000000000000014 t fsdev_dirreset
0000000000008d00 0000000000000014 t fsdev_chmod
0000000000008d20 0000000000000018 t error_cmp
0000000000008d40 0000000000000020 t fsdev_dirclose
0000000000008d60 000000000000001c t fsdev_close
0000000000008d80 0000000000000080 t fsdev_converttimetoutc
0000000000008e00 00000000000000e0 t fsdevFindDevice.part.0
0000000000008ee0 00000000000001c0 t fsdev_fixpath
00000000000090a0 00000000000000a0 t _fsdevUnmountDeviceStruct.part.0
0000000000009140 0000000000000014 t fsdev_fchmod
0000000000009160 0000000000000108 t fsdev_diropen
0000000000009270 00000000000000fc t fsdev_statvfs
0000000000009370 000000000000007c t fsdev_fsync
00000000000093f0 00000000000000f4 t fsdev_fstat
00000000000094f0 0000000000000094 t fsdev_ftruncate
0000000000009590 00000000000001fc t fsdev_stat
0000000000009790 000000000000014c t fsdev_rename
00000000000098e0 0000000000000140 t fsdev_chdir
0000000000009a20 00000000000000a4 t fsdev_mkdir
0000000000009ad0 00000000000000a4 t fsdev_unlink
0000000000009b80 00000000000000a4 t fsdev_rmdir
0000000000009c30 0000000000000144 t fsdev_write_safe
0000000000009d80 000000000000013c t fsdev_read_safe
0000000000009ec0 0000000000000100 t fsdev_read
0000000000009fc0 00000000000001b8 t fsdev_dirnext
000000000000a180 0000000000000124 t fsdev_write
000000000000a2b0 00000000000000ec t fsdev_seek
000000000000a3a0 0000000000000244 t fsdev_open
000000000000a5f0 0000000000000224 T fsdevMountDevice
000000000000a820 0000000000000040 T fsdevMountSdmc
000000000000a860 00000000000000c0 T __libnx_init_cwd
000000000000a920 0000000000000064 T fsdevUnmountAll
000000000000a990 000000000000012c T decode_utf8
000000000000aabc T armDCacheFlush
000000000000aaec t armDCacheFlush_L0
000000000000ab08 W __libnx_exception_entry
000000000000ab94 t __libnx_exception_entry_start
000000000000acbc t __libnx_exception_entry_abort
000000000000acc0 t __libnx_exception_entry_end
000000000000acc8 T __libnx_exception_returnentry
000000000000ace0 T __aarch64_read_tp
000000000000acf0 0000000000000064 T condvarWaitTimeout
000000000000ad60 00000000000003d4 T randomGet
000000000000b140 0000000000000020 T randomGet64
000000000000b160 0000000000000014 T shmemLoadRemote
000000000000b180 0000000000000088 T shmemMap
000000000000b210 0000000000000034 T shmemUnmap
000000000000b250 0000000000000044 T shmemClose
000000000000b2a0 00000000000000b0 T __libnx_init_thread
000000000000b350 00000000000000b4 t _fsCleanup
000000000000b410 00000000000001a8 t _fsCmdNoIO
000000000000b5c0 00000000000001d8 t _fsFsCmdWithInPath
000000000000b7a0 00000000000001f4 t _fsFsCmdWithTwoInPaths
000000000000b9a0 000000000000025c t _fsFsOpenCommon
000000000000bc00 00000000000001ec t _fsFsCmdWithInPathAndOutU64
000000000000bdf0 00000000000000f4 t _fsObjectClose
000000000000bef0 00000000000001f4 t _fsCmdGetSession.constprop.0
000000000000c0f0 00000000000002f8 T fsInitialize
000000000000c3f0 0000000000000044 T fsExit
000000000000c440 0000000000000008 T fsOpenSdCardFileSystem
000000000000c450 00000000000001f0 T fsFsCreateFile
000000000000c640 0000000000000008 T fsFsDeleteFile
000000000000c650 0000000000000008 T fsFsCreateDirectory
000000000000c660 0000000000000008 T fsFsDeleteDirectory
000000000000c670 0000000000000008 T fsFsRenameFile
000000000000c680 0000000000000008 T fsFsRenameDirectory
000000000000c690 00000000000001f0 T fsFsGetEntryType
000000000000c880 0000000000000008 T fsFsOpenFile
000000000000c890 0000000000000008 T fsFsOpenDirectory
000000000000c8a0 0000000000000008 T fsFsGetFreeSpace
000000000000c8b0 0000000000000008 T fsFsGetTotalSpace
000000000000c8c0 0000000000000230 T fsFsGetFileTimeStampRaw
000000000000caf0 0000000000000004 T fsFsClose
000000000000cb00 0000000000000218 T fsFileRead
000000000000cd20 0000000000000200 T fsFileWrite
000000000000cf20 0000000000000008 T fsFileFlush
000000000000cf30 00000000000001b8 T fsFileSetSize
000000000000cf30 00000000000001b8 t fsFileSetSize.localalias
000000000000d0f0 00000000000001c4 T fsFileGetSize
000000000000d0f0 00000000000001c4 t fsFileGetSize.localalias
000000000000d2c0 0000000000000004 T fsFileClose
000000000000d2d0 0000000000000004 T fsDirClose
000000000000d2e0 00000000000001fc T fsDirRead
000000000000d4e0 00000000000000d0 t _nvSetClientPID
000000000000d5b0 00000000000000c8 t _nvCleanup
000000000000d680 00000000000000d8 t _nvCmdInitialize.constprop.0
000000000000d760 000000000000001c W __nx_nv_create_tmem
000000000000d780 00000000000002d8 T nvInitialize
000000000000da60 0000000000000044 T nvExit
000000000000dab0 00000000000000f4 T nvConvertError
000000000000dbb0 0000000000000118 T nvOpen
000000000000dcd0 00000000000002fc T nvIoctl
000000000000dfd0 00000000000000d8 T nvClose
000000000000e0b0 0000000000000108 T nvQueryEvent
000000000000e1c0 00000000000000d4 t _setsysGetFirmwareVersionImpl
000000000000e2a0 0000000000000068 t _setsysCleanup
000000000000e310 00000000000000a0 T setsysInitialize
000000000000e3b0 0000000000000044 T setsysExit
000000000000e400 0000000000000044 T setsysGetFirmwareVersion
000000000000e450 0000000000000228 t _timeCleanup
000000000000e680 0000000000000100 t _timeCmdGetSession.constprop.0
000000000000e780 00000000000000cc t _timeGetSharedMemoryNativeHandle.constprop.0
000000000000e850 00000000000000c4 t _timeCmdNoInOutU64.constprop.0.isra.0
000000000000e920 0000000000000110 t _timeReadClockFromSharedMem
000000000000ea30 0000000000000238 T timeInitialize
000000000000ec70 0000000000000044 T timeExit
000000000000ecc0 0000000000000038 T timeGetServiceSession_SystemClock
000000000000ed00 0000000000000068 T timeGetCurrentTime
000000000000ed70 0000000000000110 T timeToCalendarTimeWithMyRule
000000000000ee80 0000000000000104 T timeToPosixTimeWithMyRule
000000000000ef90 00000000000001dc t _viCleanup
000000000000f170 0000000000000100 t _viCmdGetSessionNoParams.constprop.0
000000000000f270 00000000000000fc t _viCmdGetSession.constprop.0
000000000000f370 000000000000028c T viInitialize
000000000000f600 0000000000000044 T viExit
000000000000f650 000000000000000c T viGetSession_IHOSBinderDriverRelay
000000000000f660 0000000000000110 T viOpenDisplay
000000000000f770 00000000000000f4 T viCloseDisplay
000000000000f870 00000000000000fc T viCloseLayer
000000000000f970 0000000000000378 T viCreateLayer
000000000000fcf0 00000000000000d8 T viSetLayerScalingMode
000000000000fdd0 000000000000007c t _nvFenceCleanup
000000000000fe50 0000000000000098 T nvFenceInit
000000000000fef0 0000000000000044 T nvFenceExit
000000000000ff40 0000000000000240 T nvFenceWait
0000000000010180 0000000000000074 T nvMultiFenceWait
0000000000010200 00000000000000b4 T nvMapInit
00000000000102c0 000000000000006c T nvMapExit
0000000000010330 0000000000000080 T nvMapClose
00000000000103b0 0000000000000154 T nvMapCreate
0000000000010510 0000000000000028 T nvioctlNvhostCtrl_EventSignal
0000000000010540 0000000000000044 T nvioctlNvhostCtrl_EventWait
0000000000010590 0000000000000030 T nvioctlNvhostCtrl_EventWaitAsync
00000000000105c0 0000000000000028 T nvioctlNvhostCtrl_EventRegister
00000000000105f0 0000000000000028 T nvioctlNvhostCtrl_EventUnregister
0000000000010620 0000000000000040 T nvioctlNvmap_Create
0000000000010660 0000000000000038 T nvioctlNvmap_Alloc
00000000000106a0 0000000000000034 T nvioctlNvmap_Free
00000000000106e0 0000000000000040 T nvioctlNvmap_GetId
0000000000010720 000000000000001c T binderCreate
0000000000010740 00000000000003d0 T binderTransactParcel
0000000000010b10 00000000000000e8 T binderConvertErrorCode
0000000000010c00 0000000000000124 T binderAdjustRefcount
0000000000010d30 0000000000000098 T binderInitSession
0000000000010dd0 0000000000000068 T binderClose
0000000000010e40 0000000000000158 T binderGetNativeHandle
0000000000010fa0 00000000000000d8 T bqRequestBuffer
0000000000011080 0000000000000160 T bqDequeueBuffer
00000000000111e0 00000000000000dc T bqQueueBuffer
00000000000112c0 0000000000000094 T bqCancelBuffer
0000000000011360 00000000000000e4 T bqConnect
0000000000011450 000000000000009c T bqDisconnect
00000000000114f0 000000000000017c T bqSetPreallocatedBuffer
0000000000011670 0000000000000030 T parcelCreate
00000000000116a0 000000000000019c T parcelTransact
0000000000011840 0000000000000088 T parcelWriteData
00000000000118d0 0000000000000098 T parcelReadData
0000000000011970 0000000000000020 T parcelWriteInt32
0000000000011990 0000000000000020 T parcelWriteUInt32
00000000000119b0 000000000000007c T parcelWriteString16
0000000000011a30 0000000000000030 T parcelWriteInterfaceToken
0000000000011a60 0000000000000024 T parcelReadInt32
0000000000011a90 0000000000000068 T parcelReadFlattenedObject
0000000000011b00 000000000000004c T parcelWriteFlattenedObject
0000000000011b50 0000000000000178 T sessionmgrCreate
0000000000011cd0 0000000000000084 T sessionmgrClose
0000000000011d60 00000000000000b4 T sessionmgrAttachClient
0000000000011e20 0000000000000070 T sessionmgrDetachClient
0000000000011e90 000000000000003c T setenv
0000000000011ed0 0000000000000028 T putchar
0000000000011f00 000000000000002c T rename
0000000000011f30 00000000000001a8 t _strtoul_l.isra.0
00000000000120e0 0000000000000044 T _strtoul_r
0000000000012130 0000000000000048 T strtoul
0000000000012180 0000000000000130 T strlen
00000000000122b0 0000000000000078 T strncat
0000000000012330 00000000000000b8 T bsearch
0000000000012400 00000000000000dc T memchr
00000000000124e0 000000000000002c T aligned_alloc
0000000000012540 00000000000001b4 T strncmp
0000000000012700 0000000000000134 T strcmp
0000000000012840 00000000000000b8 T strnlen
0000000000012900 000000000000001c t stdio_exit_handler
0000000000012920 000000000000006c t cleanup_stdio
0000000000012990 0000000000000140 t global_stdio_init.part.0
0000000000012ad0 000000000000000c T __sfp_lock_acquire
0000000000012ae0 000000000000000c T __sfp_lock_release
0000000000012af0 0000000000000054 T __sinit
0000000000012b50 000000000000080c T _malloc_r
0000000000013360 00000000000000e0 T _putc_r
0000000000013440 000000000000022c T memcpy
0000000000013440 T memmove
0000000000013670 0000000000000124 T _malloc_trim_r
00000000000137a0 00000000000002d8 T _free_r
0000000000013a80 0000000000000250 T setvbuf
0000000000013cd0 0000000000000014 T __errno
0000000000013cf0 0000000000000024 T malloc
0000000000013d20 0000000000000024 T free
0000000000013d50 0000000000000084 T printf
0000000000013de0 00000000000000c0 T sscanf
0000000000013ea0 00000000000000d0 T _puts_r
0000000000013f70 0000000000000024 T puts
0000000000013fa0 000000000000002c T gmtime
0000000000013fd0 00000000000000a0 T _fwalk_sglue
0000000000014070 000000000000000c T __malloc_lock
0000000000014080 000000000000000c T __malloc_unlock
00000000000140c0 0000000000000104 T memset
00000000000141d0 0000000000000254 T _setenv_r
0000000000014430 000000000000002c T stat
0000000000014460 0000000000000004 W __call_exitprocs
0000000000014464 0000000000000074 t get_arg
00000000000144d8 0000000000002fdc T __ssvfscanf_r
00000000000174c0 0000000000000090 T strncpy
0000000000017550 00000000000001a8 t _strtoull_l.isra.0
0000000000017700 0000000000000044 T _strtoull_r
0000000000017750 00000000000000f0 T _mbrtowc_r
0000000000017840 0000000000000094 T __libc_init_array
00000000000178e0 0000000000000200 T __sflush_r
0000000000017ae0 00000000000000b8 T _fflush_r
0000000000017ba0 000000000000000c T nanf
0000000000017bb0 000000000000000c T __env_lock
0000000000017bc0 000000000000000c T __env_unlock
0000000000017bd0 00000000000004cc T __sfvwrite_r
00000000000180a0 000000000000018c t _strtoll_l.isra.0
0000000000018230 0000000000000044 T _strtoll_r
0000000000018280 000000000000002c T __locale_mb_cur_max
00000000000182b0 0000000000000054 t sulp
0000000000018310 0000000000001184 T _strtod_l
00000000000194a0 0000000000000050 T _strtod_r
00000000000194f0 00000000000002a0 T gmtime_r
0000000000019790 00000000000000ac T sprintf
0000000000019840 0000000000000180 T _memalign_r
00000000000199c0 0000000000000118 T __swbuf_r
0000000000019ad8 00000000000000f0 T _sungetc_r
0000000000019bc8 0000000000000070 T __ssrefill_r
0000000000019c38 00000000000000e0 T _sfread_r
0000000000019d20 0000000000000118 t rshift
0000000000019e40 0000000000000814 T __gethex
000000000001a660 00000000000002b8 T __utf8_mbtowc
000000000001a920 0000000000000044 T __libc_fini_array
000000000001a980 00000000000000cc T strchr
000000000001aa50 0000000000000050 T __sread
000000000001aaa0 0000000000000008 T __seofread
000000000001aab0 000000000000006c T __swrite
000000000001ab20 0000000000000050 T __sseek
000000000001ab70 0000000000000008 T __sclose
000000000001ab80 0000000000000008 T iswspace
000000000001ab90 00000000000000d4 T __sccl
000000000001ac70 0000000000000138 T _fclose_r
000000000001adb0 0000000000000008 T __localeconv_l
000000000001adc0 0000000000000028 T _localeconv_r
000000000001ade8 0000000000000804 t get_arg
000000000001b5ec 0000000000003c04 T _vfprintf_r
000000000001f1f0 00000000000000d0 t __sbprintf
000000000001f2c0 0000000000000094 T __swhatbuf_r
000000000001f360 0000000000000104 T __smakebuf_r
000000000001f470 000000000000002c T realloc
000000000001f4a0 00000000000001a4 t quorem
000000000001f650 0000000000001198 T _dtoa_r
00000000000207f0 00000000000000d8 T _wcrtomb_r
00000000000208c8 0000000000000804 t get_arg
00000000000210cc 0000000000003bac T _svfprintf_r
0000000000024c80 000000000000018c t _strtol_l.part.0
0000000000024e10 0000000000000070 T _strtol_r
0000000000024e80 00000000000000fc T _findenv_r
0000000000024f80 00000000000000a4 T stpncpy
0000000000025030 0000000000000524 T _realloc_r
0000000000025560 00000000000000e4 T __utf8_wctomb
0000000000025650 0000000000000010 T _wcsrtombs_r
0000000000025660 0000000000000048 T __match
00000000000256b0 0000000000000258 T __hexnan
0000000000025910 000000000000012c T __swsetup_r
0000000000025a40 000000000000000c T nan
0000000000025a50 0000000000000078 T frexp
0000000000025ad0 00000000000000b8 T __submore
0000000000025b90 0000000000000064 T __assert_func
0000000000025c00 0000000000000048 T iswspace_l
0000000000025c50 000000000000008c T _Balloc
0000000000025ce0 000000000000001c T _Bfree
0000000000025d00 0000000000000108 T __multadd
0000000000025e10 0000000000000130 T __s2b
0000000000025f40 0000000000000080 T __hi0bits
0000000000025fc0 000000000000009c T __lo0bits
0000000000026060 000000000000004c T __i2b
00000000000260b0 00000000000001e4 T __multiply
00000000000262a0 0000000000000100 T __pow5mult
00000000000263a0 0000000000000170 T __lshift
0000000000026510 0000000000000050 T __mcmp
0000000000026560 00000000000001cc T __mdiff
0000000000026730 0000000000000084 T __ulp
00000000000267c0 0000000000000168 T __b2d
0000000000026930 000000000000015c T __d2b
0000000000026a90 00000000000000ac T __ratio
0000000000026b40 0000000000000068 T __copybits
0000000000026bb0 000000000000006c T __any_on
0000000000026c20 00000000000000cc T __ssprint_r
0000000000026cf0 0000000000000084 T fiprintf
0000000000026d80 00000000000001ac T _wcsnrtombs_l
0000000000026f30 0000000000000074 T _wcsnrtombs_r
0000000000026fb0 0000000000000044 T __sprint_r
0000000000027000 0000000000000018 T abort
0000000000027020 00000000000000c0 T _calloc_r
00000000000270e0 0000000000000084 T category
0000000000027170 0000000000000190 T __ssputs_r
0000000000027300 00000000000000a4 T _raise_r
00000000000273b0 0000000000000024 T raise
00000000000273d4 0000000000000804 t get_arg
0000000000027bd8 0000000000002960 T _vfiprintf_r
000000000002a538 00000000000000d0 t __sbprintf
000000000002a610 0000000000000020 T _exit
000000000002a630 0000000000000170 T chdir
000000000002a7a0 000000000000021c T _concatenate_path
000000000002a9c0 0000000000000084 T _fstat_r
000000000002aa50 0000000000000014 T _getpid_r
000000000002aa70 0000000000000020 T __getreent
000000000002aa90 0000000000000050 T __get_handle
000000000002aae0 00000000000000f0 T _close_r
000000000002abd0 0000000000000008 t null_write
000000000002abe0 0000000000000018 T setDefaultDevice
000000000002ac00 0000000000000114 T FindDevice
000000000002ad20 0000000000000034 T RemoveDevice
000000000002ad60 00000000000000c8 T AddDevice
000000000002ae30 0000000000000034 T GetDeviceOpTab
000000000002ae70 0000000000000008 T _isatty_r
000000000002ae80 0000000000000014 T _kill_r
000000000002aea0 0000000000000098 T _lseek_r
000000000002af40 00000000000000a4 T _read_r
000000000002aff0 00000000000000a0 T _rename_r
000000000002b090 0000000000000078 W _sbrk_r
000000000002b110 0000000000000090 T _stat_r
000000000002b1a0 0000000000000014 T __libc_lock_acquire
000000000002b1c0 0000000000000014 T __libc_lock_release
000000000002b1e0 0000000000000014 T __libc_lock_acquire_recursive
000000000002b200 0000000000000014 T __libc_lock_release_recursive
000000000002b220 00000000000000a4 T _write_r
000000000002b2d0 0000000000000158 t __extenddftf2
000000000002b430 00000000000003c4 t __trunctfdf2
000000000002b800 0000000000000070 t __sfp_handle_exceptions
000000000002b880 0000000000000104 T strrchr
000000000002b988 T _init
000000000002b9c0 T _fini
000000000002ee38 0000000000000014 r CSWTCH.529
000000000002ef30 0000000000000018 r grayScale
000000000002ef48 0000000000000006 r colorCube
000000000002ef50 0000000000000030 r colorTable
000000000002ef80 R default_font_bin
0000000000030f80 R default_font_bin_end
0000000000030f80 0000000000000038 r g_nvColorFmtTable
0000000000030fc0 0000000000000020 r error_table
0000000000031040 0000000000000023 r g_bq_InterfaceDescriptor
0000000000031080 0000000000000101 R _ctype_
00000000000312d0 0000000000000022 r basefix.0
00000000000312f8 0000000000000014 r fpinan.0
0000000000031310 0000000000000014 r fpi.1
0000000000031330 0000000000000028 r tinytens
0000000000031388 0000000000000100 R __hexdig
0000000000031580 0000000000000010 r zeroes.0
0000000000031590 0000000000000010 r blanks.1
00000000000316a0 0000000000000010 r zeroes.0
00000000000316b0 0000000000000010 r blanks.1
00000000000316c0 000000000000006c R __action_table
0000000000031730 000000000000006c R __state_table
00000000000317a0 0000000000000100 R __chclass
00000000000318a0 000000000000000c r p05.0
00000000000318b0 0000000000000028 R __mprec_bigtens
00000000000318d8 00000000000000c8 R __mprec_tens
00000000000319a0 00000000000035dc r categories
0000000000035080 0000000000000010 r zeroes.0
0000000000035090 0000000000000010 r blanks.1
00000000000350a0 r __tls_align
00000000000350a8 r __EH_FRAME_BEGIN__
00000000000350a8 r __eh_frame_hdr_end
00000000000350a8 r __eh_frame_hdr_start
000000000003adac r __FRAME_END__
000000000003b000 d __frame_dummy_init_array_entry
000000000003b000 d __init_array_start
000000000003b000 d __preinit_array_end
000000000003b000 d __preinit_array_start
000000000003b000 d __relro_start
000000000003b008 d __do_global_dtors_aux_fini_array_entry
000000000003b008 d __fini_array_start
000000000003b008 d __init_array_end
000000000003b010 d __fini_array_end
000000000003b010 0000000000000100 d dotab_stdout
000000000003b110 0000000000000100 d fsdev_devoptab
000000000003b210 0000000000000100 D dotab_stdnull
000000000003b310 a _DYNAMIC
000000000003b430 a _GLOBAL_OFFSET_TABLE_
000000000003b430 d __got_start__
000000000003b6d0 d __got_end__
000000000003c000 d __data_start
000000000003c000 0000000000000008 D otter
000000000003c008 0000000000000008 V __nx_applet_init_timeout
000000000003c010 0000000000000001 V __nx_applet_auto_notifyrunning
000000000003c014 0000000000000004 V __nx_applet_type
000000000003c018 0000000000000008 d currentConsole
000000000003c020 0000000000000050 d defaultConsole
000000000003c070 0000000000000088 d s_consoleSwRenderer
000000000003c0f8 0000000000000008 V __nx_exception_stack_size
000000000003c100 0000000000000001 V __nx_fsdev_support_cwd
000000000003c104 0000000000000004 V __nx_fsdev_direntry_cache_size
000000000003c108 0000000000000004 V __nx_fs_num_sessions
000000000003c10c 0000000000000004 V __nx_nv_transfermem_size
000000000003c110 0000000000000004 V __nx_nv_service_type
000000000003c114 0000000000000004 d g_viServiceType
000000000003c118 0000000000000004 V __nx_vi_stray_layer_flags
000000000003c11c 0000000000000004 d g_ctrl_fd
000000000003c120 0000000000000004 d g_nvmap_fd
000000000003c128 0000000000000008 D _impure_ptr
000000000003c130 0000000000000160 D _impure_data
000000000003c290 0000000000000018 D __sglue
000000000003c2a8 0000000000000008 D __malloc_sbrk_base
000000000003c2b0 0000000000000008 D __malloc_trim_threshold
000000000003c2b8 0000000000000810 D __malloc_av_
000000000003cac8 00000000000001a8 D __global_locale
000000000003cc70 0000000000000008 D environ
000000000003cc80 0000000000000400 d _current_working_directory
000000000003d080 0000000000002000 d handles
000000000003f080 0000000000000010 d __stderr_handle
000000000003f090 0000000000000010 d __stdout_handle
000000000003f0a0 0000000000000010 d __stdin_handle
000000000003f0b0 0000000000000118 D devoptab_list
000000000003f1c8 0000000000000004 d defaultDevice
000000000003f1d0 b __bss_start__
000000000003f1d0 d __tdata_lma
000000000003f1d0 d __tdata_lma_end
000000000003f1d0 b completed.1
000000000003f1d8 b object.0
000000000003f208 0000000000000008 b g_appletGuard
000000000003f210 0000000000000001 b g_appletInfoInitialized
000000000003f218 0000000000000050 b g_appletInfo
000000000003f268 0000000000000004 b g_appletCpuBoostMode
000000000003f270 000000000000000c b g_appletLibraryAppletLaunchableEvent
000000000003f27c 0000000000000001 b g_appletSuspendedTickInitialized
000000000003f280 0000000000000008 b g_appletSuspendedTick
000000000003f288 0000000000000008 b g_appletInitTickBase
000000000003f290 000000000000000c b g_appletSuspendedTickEvent
000000000003f29c 0000000000000001 b g_appletCopyrightInitialized
000000000003f2a0 0000000000000028 b g_appletCopyrightTmem
000000000003f2c8 0000000000000004 b g_appletRecordingInitialized
000000000003f2d0 0000000000000028 b g_appletRecordingTmem
000000000003f2f8 0000000000000018 b g_appletFirstHook
000000000003f310 0000000000000001 b g_appletNotifiedRunning
000000000003f311 0000000000000001 b g_appletFocusState
000000000003f314 0000000000000004 b g_appletPerformanceMode
000000000003f318 0000000000000001 b g_appletOperationMode
000000000003f320 0000000000000008 b g_appletResourceUserId
000000000003f328 000000000000000c b g_appletMessageEvent
000000000003f338 0000000000000010 b g_appletIDebugFunctions
000000000003f348 0000000000000010 b g_appletIDisplayController
000000000003f358 0000000000000010 b g_appletIAudioController
000000000003f368 0000000000000010 b g_appletIWindowController
000000000003f378 0000000000000010 b g_appletISelfController
000000000003f388 0000000000000010 b g_appletICommonStateGetter
000000000003f398 0000000000000010 b g_appletILibraryAppletCreator
000000000003f3a8 0000000000000010 b g_appletIProcessWindingController
000000000003f3b8 0000000000000010 b g_appletILibraryAppletSelfAccessor
000000000003f3c8 0000000000000010 b g_appletIApplicationCreator
000000000003f3d8 0000000000000010 b g_appletIGlobalStateController
000000000003f3e8 0000000000000010 b g_appletIFunctions
000000000003f3f8 0000000000000010 b g_appletIAppletCommonFunctions
000000000003f408 0000000000000004 b g_appletExitProcessResult
000000000003f40c 0000000000000001 b g_appletExitProcessFlag
000000000003f40d 0000000000000001 b g_appletLeftInitialized
000000000003f410 0000000000000010 b g_appletProxySession
000000000003f420 0000000000000010 b g_appletSrv
000000000003f430 0000000000000004 V __nx_applet_exit_mode
000000000003f438 0000000000000008 V __nx_applet_PerformanceConfiguration
000000000003f440 0000000000000080 V __nx_applet_AppletAttribute
000000000003f4c0 0000000000000008 b g_smGuard
000000000003f4c8 0000000000000008 b g_smOverridesNum
000000000003f4d0 0000000000000180 b g_smOverrides
000000000003f650 0000000000000010 b g_smSrv
000000000003f660 0000000000000008 b g_userIdStorage
000000000003f670 0000000000000010 b g_randomSeed
000000000003f680 0000000000000001 b g_hasRandomSeed
000000000003f684 0000000000000004 b g_lastLoadResult
000000000003f688 0000000000000008 b g_nextLoadArgv
000000000003f690 0000000000000008 b g_nextLoadPath
000000000003f698 0000000000000004 b g_processHandle
000000000003f6a0 0000000000000018 b g_syscallHints
000000000003f6b8 0000000000000008 b g_overrideArgv
000000000003f6c0 0000000000000008 b g_overrideHeapSize
000000000003f6c8 0000000000000008 b g_overrideHeapAddr
000000000003f6d0 0000000000000008 b g_loaderRetAddr
000000000003f6d8 0000000000000004 b g_mainThreadHandle
000000000003f6e0 0000000000000008 b g_loaderInfoSize
000000000003f6e8 0000000000000008 b g_loaderInfo
000000000003f6f0 0000000000000001 b g_isNso
000000000003f6f4 0000000000000004 b g_hosVersion
000000000003f6f8 0000000000000001 b didFirstConsoleInit.0
000000000003f700 0000000000000050 b currentCopy
000000000003f750 B __stack_top
000000000003f758 0000000000000001 b g_IsLegacyKernel
000000000003f760 0000000000000008 b g_Reservations
000000000003f768 0000000000000010 b g_StackRegion
000000000003f778 0000000000000010 b g_AslrRegion
000000000003f788 0000000000000010 b g_HeapRegion
000000000003f798 0000000000000010 b g_AliasRegion
000000000003f7a8 0000000000000004 b g_VirtmemMutex
000000000003f7b0 0000000000000008 b g_apmGuard
000000000003f7b8 0000000000000010 b g_apmISession
000000000003f7c8 0000000000000010 b g_apmSrv
000000000003f7d8 0000000000000008 b g_hidGuard
000000000003f7e0 0000000000000008 b g_sevenSixAxisSensorBuffer
000000000003f7e8 0000000000000020 b g_hidSharedmem
000000000003f808 0000000000000010 b g_hidIActiveVibrationDeviceList
000000000003f818 0000000000000010 b g_hidIAppletResource
000000000003f828 0000000000000010 b g_hidSrv
000000000003f838 0000000000000080 b g_defaultWin
000000000003f8b8 0000000000000010 b g_viLayer
000000000003f8c8 0000000000000050 b g_viDisplay
000000000003f918 0000000000000008 b g_argv_empty
000000000003f920 0000000000000008 B __system_argv
000000000003f928 0000000000000004 B __system_argc
000000000003f930 0000000000000340 B __nx_exceptiondump
000000000003fc70 0000000000000004 V __nx_exception_ignoredebug
000000000003fc80 0000000000000400 V __nx_exception_stack
0000000000040080 0000000000000008 V __nx_heap_size
0000000000040088 0000000000000008 b __bootticks
0000000000040090 0000000000000008 b __boottime
0000000000040098 0000000000000004 V __nx_time_type
00000000000400a0 0000000000000004 B __nxlink_host
00000000000400a8 0000000000002800 b fsdev_fsdevices
00000000000428a8 0000000000000004 b fsdev_fsdevice_cwd
00000000000428ac 0000000000000001 b fsdev_initialised
00000000000428b0 0000000000000004 b g_randMutex
00000000000428b4 0000000000000001 b g_randInit
00000000000428c0 0000000000000040 b g_chacha
0000000000042900 0000000000000038 b g_mainThread
0000000000042938 0000000000000008 b g_threadList
0000000000042940 0000000000000004 b g_threadMutex
0000000000042948 0000000000000008 b g_fsGuard
0000000000042950 0000000000000054 b g_fsSessionMgr
00000000000429a8 0000000000000010 b g_fsSrv
00000000000429b8 0000000000000008 b g_nvGuard
00000000000429c0 0000000000000028 b g_nvTransfermem
00000000000429e8 0000000000000010 b g_nvSrvClone
00000000000429f8 0000000000000010 b g_nvSrv
0000000000042a08 0000000000000008 b g_setsysGuard
0000000000042a10 0000000000000010 b g_setsysSrv
0000000000042a20 0000000000000008 b g_timeGuard
0000000000042a28 0000000000000020 b g_timeSharedmem
0000000000042a48 0000000000000010 b g_timeLocalSystemClock
0000000000042a58 0000000000000010 b g_timeTimeZoneService
0000000000042a68 0000000000000010 b g_timeSteadyClock
0000000000042a78 0000000000000010 b g_timeNetworkSystemClock
0000000000042a88 0000000000000010 b g_timeUserSystemClock
0000000000042a98 0000000000000010 b g_timeSrv
0000000000042aa8 0000000000000004 V __nx_time_service_type
0000000000042ab0 0000000000000008 b g_viGuard
0000000000042ab8 0000000000000010 b g_viIHOSBinderDriverIndirect
0000000000042ac8 0000000000000010 b g_viIManagerDisplayService
0000000000042ad8 0000000000000010 b g_viISystemDisplayService
0000000000042ae8 0000000000000010 b g_viIHOSBinderDriverRelay
0000000000042af8 0000000000000010 b g_viIApplicationDisplayService
0000000000042b08 0000000000000010 b g_viRootService
0000000000042b18 0000000000000008 V __nx_vi_layer_id
0000000000042b20 0000000000000008 b g_nvFenceGuard
0000000000042b28 0000000000000300 b g_NvEvents
0000000000042e28 0000000000000008 b g_NvEventUsedMask
0000000000042e30 0000000000000008 b g_nvMapGuard
0000000000042e38 000000000000000c b __sfp_recursive_mutex
0000000000042e48 0000000000000228 B __sf
0000000000043070 0000000000000008 B __stdio_exit_handler
0000000000043078 0000000000000028 B __malloc_current_mallinfo
00000000000430a0 0000000000000008 B __malloc_max_total_mem
00000000000430a8 0000000000000008 B __malloc_max_sbrked_mem
00000000000430b0 0000000000000008 B __malloc_top_pad
00000000000430b8 000000000000000c b __malloc_recursive_mutex
00000000000430c4 0000000000000004 b alloced.0
00000000000430c8 000000000000000c b __env_recursive_mutex
00000000000430d8 0000000000000008 b initial_env
00000000000430e0 0000000000000400 b temp_cwd
00000000000434e0 0000000000000004 b __hndl_lock
00000000000434e8 0000000000000008 B fake_heap_start
00000000000434f0 0000000000000008 B fake_heap_end
00000000000434f8 0000000000000008 b heap_start.0
0000000000043500 b __tls_start
0000000000043910 b __bss_end__
0000000000043910 a __end__
0000000000043910 b __tls_end
0000000000044000 a __argdata__
